<?xml version="1.0" encoding="UTF-8"?>
<!-- Generated by org.testng.reporters.JUnitXMLReporter -->
<testsuite hostname="LAPTOP-S7EE750O" name="carloan" tests="5" failures="0" timestamp="17 Aug 2020 09:48:44 GMT" time="0.043" errors="0">
  <testcase name="apilogincarloan" time="0.024" classname="hello.day3"/>
  <testcase name="login" time="0.002" classname="hello.day3"/>
  <testcase name="login" time="0.003" classname="hello.day3"/>
  <testcase name="login" time="0.002" classname="hello.day3"/>
  <testcase name="weblogincarloan" time="0.001" classname="hello.day3"/>
</testsuite> <!-- carloan -->
