<?xml version="1.0" encoding="UTF-8"?>
<!-- Generated by org.testng.reporters.JUnitXMLReporter -->
<testsuite hostname="LAPTOP-S7EE750O" name="personol loan" tests="4" failures="0" timestamp="17 Aug 2020 09:50:43 GMT" time="0.055" errors="0">
  <testcase name="facebook" time="0.005" classname="abc.day1"/>
  <testcase name="instagram" time="0.001" classname="abc.day1"/>
  <testcase name="whatsappchecking" time="0.002" classname="abc.day1"/>
  <testcase name="mobilesendingmessage" time="0.011" classname="abc.day1"/>
</testsuite> <!-- personol loan -->
