<?xml version="1.0" encoding="UTF-8"?>
<!-- Generated by org.testng.reporters.JUnitXMLReporter -->
<testsuite hostname="LAPTOP-S7EE750O" name="Test" tests="7" failures="0" timestamp="17 Aug 2020 10:39:56 GMT" time="0.041" errors="0">
  <testcase name="facebook" time="0.006" classname="abc.day1"/>
  <testcase name="instagram" time="0.001" classname="abc.day1"/>
  <testcase name="whatsappchecking" time="0.001" classname="abc.day1"/>
  <testcase name="hike" time="0.001" classname="abc.day3"/>
  <testcase name="word" time="0.0" classname="abc.day3"/>
  <testcase name="data" time="0.001" classname="abc.day3"/>
  <testcase name="mobilesendingmessage" time="0.001" classname="abc.day1"/>
</testsuite> <!-- Test -->
