<?xml version="1.0" encoding="UTF-8"?>
<!-- Generated by org.testng.reporters.JUnitXMLReporter -->
<testsuite hostname="LAPTOP-S7EE750O" name="Desktop" tests="4" failures="0" timestamp="13 Aug 2020 10:11:14 GMT" time="13.62" errors="0">
  <testcase name="openbrowser" time="4.036" classname="abc.day4"/>
  <testcase name="Enterurl" time="4.026" classname="abc.day4"/>
  <testcase name="datatitle" time="0.492" classname="abc.day4"/>
  <testcase name="ztaskcomplete" time="5.045" classname="abc.day4"/>
</testsuite> <!-- Desktop -->
